
> @musio/api@0.0.0 typecheck C:\Users\changeme\Documents\samplette-inspired-app\musio.app\apps\api
> tsc -p tsconfig.json --noEmit

src/db/connection.ts(2,16): error TS7016: Could not find a declaration file for module 'pg'. 'C:/Users/changeme/Documents/samplette-inspired-app/musio.app/node_modules/.pnpm/pg@8.16.3/node_modules/pg/esm/index.mjs' implicitly has an 'any' type.
  Try `npm i --save-dev @types/pg` if it exists or add a new declaration (.d.ts) file containing `declare module 'pg';`
src/db/connection.ts(3,31): error TS2307: Cannot find module '@musio/shared' or its corresponding type declarations.
src/server.ts(4,37): error TS2307: Cannot find module '@musio/shared' or its corresponding type declarations.
src/server.ts(33,3): error TS1234: An ambient module declaration is only allowed at the top level in a file.
src/server.ts(111,46): error TS7006: Parameter 'join' implicitly has an 'any' type.
src/server.ts(114,47): error TS7006: Parameter 'join' implicitly has an 'any' type.
src/server.ts(136,22): error TS7006: Parameter 'eb' implicitly has an 'any' type.
src/server.ts(329,48): error TS7006: Parameter 'join' implicitly has an 'any' type.
src/server.ts(332,49): error TS7006: Parameter 'join' implicitly has an 'any' type.
src/server.ts(335,46): error TS7006: Parameter 'join' implicitly has an 'any' type.
src/server.ts(363,40): error TS7006: Parameter 'eb' implicitly has an 'any' type.
src/server.ts(404,41): error TS7006: Parameter 'r' implicitly has an 'any' type.
src/server.ts(434,53): error TS7006: Parameter 'l' implicitly has an 'any' type.
src/server.ts(435,58): error TS7006: Parameter 'r' implicitly has an 'any' type.
src/server.ts(436,62): error TS7006: Parameter 'b' implicitly has an 'any' type.
src/server.ts(445,55): error TS7006: Parameter 'a' implicitly has an 'any' type.
src/server.ts(455,58): error TS7006: Parameter 'c' implicitly has an 'any' type.
src/server.ts(466,29): error TS7006: Parameter 'pt' implicitly has an 'any' type.
src/server.ts(490,42): error TS2339: Property 'likes' does not exist on type '{}'.
src/server.ts(492,44): error TS2339: Property 'reposts' does not exist on type '{}'.
src/server.ts(493,42): error TS2339: Property 'plays' does not exist on type '{}'.
src/server.ts(859,46): error TS7006: Parameter 'join' implicitly has an 'any' type.
src/server.ts(862,47): error TS7006: Parameter 'join' implicitly has an 'any' type.
src/server.ts(882,22): error TS7006: Parameter 'eb' implicitly has an 'any' type.
src/server.ts(1161,31): error TS2339: Property 'sub' does not exist on type 'string | object | Buffer<ArrayBufferLike>'.
  Property 'sub' does not exist on type 'object'.
src/server.ts(1238,31): error TS2339: Property 'sub' does not exist on type 'string | object | Buffer<ArrayBufferLike>'.
  Property 'sub' does not exist on type 'object'.
src/server.ts(1294,31): error TS2339: Property 'sub' does not exist on type 'string | object | Buffer<ArrayBufferLike>'.
  Property 'sub' does not exist on type 'object'.
src/server.ts(1355,31): error TS2339: Property 'sub' does not exist on type 'string | object | Buffer<ArrayBufferLike>'.
  Property 'sub' does not exist on type 'object'.
src/server.ts(1454,22): error TS7006: Parameter 'eb' implicitly has an 'any' type.
src/server.ts(1491,35): error TS2339: Property 'sub' does not exist on type 'string | object | Buffer<ArrayBufferLike>'.
  Property 'sub' does not exist on type 'object'.
src/server.ts(1601,22): error TS7006: Parameter 'eb' implicitly has an 'any' type.
src/server.ts(1672,22): error TS7006: Parameter 'eb' implicitly has an 'any' type.
src/server.ts(1747,46): error TS7006: Parameter 'join' implicitly has an 'any' type.
src/server.ts(1750,47): error TS7006: Parameter 'join' implicitly has an 'any' type.
src/server.ts(1770,30): error TS7006: Parameter 'eb' implicitly has an 'any' type.
src/server.ts(1792,30): error TS7006: Parameter 'eb' implicitly has an 'any' type.
src/server.ts(1952,46): error TS7006: Parameter 'join' implicitly has an 'any' type.
src/server.ts(1955,47): error TS7006: Parameter 'join' implicitly has an 'any' type.
src/server.ts(2043,31): error TS2339: Property 'sub' does not exist on type 'string | object | Buffer<ArrayBufferLike>'.
  Property 'sub' does not exist on type 'object'.
src/server.ts(2055,22): error TS7006: Parameter 'eb' implicitly has an 'any' type.
src/server.ts(2103,31): error TS2339: Property 'sub' does not exist on type 'string | object | Buffer<ArrayBufferLike>'.
  Property 'sub' does not exist on type 'object'.
src/server.ts(2127,31): error TS2339: Property 'sub' does not exist on type 'string | object | Buffer<ArrayBufferLike>'.
  Property 'sub' does not exist on type 'object'.
src/services/ai-service.ts(3,29): error TS2307: Cannot find module '@musio/shared' or its corresponding type declarations.
src/services/media-processor.ts(7,38): error TS2307: Cannot find module '@musio/shared' or its corresponding type declarations.
src/services/notification-service.ts(3,37): error TS2307: Cannot find module '@musio/shared' or its corresponding type declarations.
src/services/youtube-service.ts(1,37): error TS2307: Cannot find module '@musio/shared' or its corresponding type declarations.
src/worker.ts(6,38): error TS2307: Cannot find module '@musio/shared' or its corresponding type declarations.
 ELIFECYCLE  Command failed with exit code 2.
